<?xml version="1.0" encoding="UTF-8"?><testsuite errors="4" failures="5" name="Agrupacion de casos de ecard" skipped="0" tests="16" time="2877.55" timestamp="2024-07-08 10:29:15"><testcase name="CP0841M_SYS_Validar proceso de creación de tarjeta virtual desde el Home del daviplata"><failure message="No se encontró texto '¿No tiene tarjeta para hacer compras por internet?' en creación de tarjeta crédito, debido a: An element could not be located on the page using the given search parameters.&#10;For documentation on this error, please visit: http://seleniumhq.org/exceptions/no_such_element.html&#10;Build info: version: '3.14.0', revision: 'aacccce0', time: '2018-08-02T20:19:58.91Z'&#10;System info: host: 'JPDONGUT-JW37PV36DC', ip: 'fe80:0:0:0:1c84:cc18:ab0b:35c5%en0', os.name: 'Mac OS X', os.arch: 'x86_64', os.version: '14.3.1', java.version: '1.8.0_411'&#10;Driver info: io.appium.java_client.AppiumDriver&#10;Capabilities {autoAcceptAlerts: true, automationName: XCUITest, browserName: , bundleId: com.daviplatavalid.lab, databaseEnabled: false, deviceName: iPhone 12, javascriptEnabled: true, locationContextEnabled: false, networkConnectionEnabled: false, newCommandTimeout: 240, noReset: false, platform: MAC, platformName: MAC, platformVersion: 17.5, showXcodelog: true, skipUnlock: true, takesScreenshot: true, udid: 00008101-000E35003688801E, webStorageEnabled: false}&#10;Session ID: 97ee30e6-f281-4563-b294-e6682828b291&#10;*** Element info: {Using=xpath, value=//XCUIElementTypeStaticText[@name='¿No tiene tarjeta para hacer compras por internet? ']}" type="java.lang.AssertionError">No se encontró texto '¿No tiene tarjeta para hacer compras por internet?' en creación de tarjeta crédito, debido a: An element could not be located on the page using the given search parameters.
For documentation on this error, please visit: http://seleniumhq.org/exceptions/no_such_element.html
Build info: version: '3.14.0', revision: 'aacccce0', time: '2018-08-02T20:19:58.91Z'
System info: host: 'JPDONGUT-JW37PV36DC', ip: 'fe80:0:0:0:1c84:cc18:ab0b:35c5%en0', os.name: 'Mac OS X', os.arch: 'x86_64', os.version: '14.3.1', java.version: '1.8.0_411'
Driver info: io.appium.java_client.AppiumDriver
Capabilities {autoAcceptAlerts: true, automationName: XCUITest, browserName: , bundleId: com.daviplatavalid.lab, databaseEnabled: false, deviceName: iPhone 12, javascriptEnabled: true, locationContextEnabled: false, networkConnectionEnabled: false, newCommandTimeout: 240, noReset: false, platform: MAC, platformName: MAC, platformVersion: 17.5, showXcodelog: true, skipUnlock: true, takesScreenshot: true, udid: 00008101-000E35003688801E, webStorageEnabled: false}
Session ID: 97ee30e6-f281-4563-b294-e6682828b291
*** Element info: {Using=xpath, value=//XCUIElementTypeStaticText[@name='¿No tiene tarjeta para hacer compras por internet? ']}</failure><system-err>No se encontró texto '¿No tiene tarjeta para hacer compras por internet?' en creación de tarjeta crédito, debido a: An element could not be located on the page using the given search parameters.
For documentation on this error, please visit: http://seleniumhq.org/exceptions/no_such_element.html
Build info: version: '3.14.0', revision: 'aacccce0', time: '2018-08-02T20:19:58.91Z'
System info: host: 'JPDONGUT-JW37PV36DC', ip: 'fe80:0:0:0:1c84:cc18:ab0b:35c5%en0', os.name: 'Mac OS X', os.arch: 'x86_64', os.version: '14.3.1', java.version: '1.8.0_411'
Driver info: io.appium.java_client.AppiumDriver
Capabilities {autoAcceptAlerts: true, automationName: XCUITest, browserName: , bundleId: com.daviplatavalid.lab, databaseEnabled: false, deviceName: iPhone 12, javascriptEnabled: true, locationContextEnabled: false, networkConnectionEnabled: false, newCommandTimeout: 240, noReset: false, platform: MAC, platformName: MAC, platformVersion: 17.5, showXcodelog: true, skipUnlock: true, takesScreenshot: true, udid: 00008101-000E35003688801E, webStorageEnabled: false}
Session ID: 97ee30e6-f281-4563-b294-e6682828b291
*** Element info: {Using=xpath, value=//XCUIElementTypeStaticText[@name='¿No tiene tarjeta para hacer compras por internet? ']}
daviplata.nacional.iOS.pageObjects.EcardPageObject.verificoQueElClienteNoTengaEcard(EcardPageObject.java:140)
daviplata.nacional.iOS.pageObjects.EcardPageObject.verificoQueElClienteNoTengaEcard(EcardPageObject.java:138)
daviplata.nacional.iOS.pageObjects.EcardPageObject.verificoQueElClienteNoTengaEcard(EcardPageObject.java:138)
daviplata.nacional.iOS.pageObjects.EcardPageObject.verificoQueElClienteNoTengaEcard(EcardPageObject.java:138)
daviplata.nacional.iOS.pageObjects.EcardPageObject.verificoVisualizacionTextoElClienteNoTieneEcard(EcardPageObject.java:121)
daviplata.nacional.iOS.steps.EcardSteps.creoTarjetaVirtual(EcardSteps.java:76)
daviplata.nacional.iOS.definitions.EcardDefinitions.crearTarjetaDeCredito(EcardDefinitions.java:34)
cucumber.runner.Runner.runPickle(Runner.java:80)
daviplata.nacional.iOS.runners.RunnerPersonalizado.run(RunnerPersonalizado.java:63)
org.eclipse.jdt.internal.junit4.runner.JUnit4TestReference.run(JUnit4TestReference.java:93)
org.eclipse.jdt.internal.junit.runner.TestExecution.run(TestExecution.java:40)
org.eclipse.jdt.internal.junit.runner.RemoteTestRunner.runTests(RemoteTestRunner.java:529)
org.eclipse.jdt.internal.junit.runner.RemoteTestRunner.runTests(RemoteTestRunner.java:756)
org.eclipse.jdt.internal.junit.runner.RemoteTestRunner.run(RemoteTestRunner.java:452)
org.eclipse.jdt.internal.junit.runner.RemoteTestRunner.main(RemoteTestRunner.java:210)
</system-err></testcase><testcase name="CP0842M_SYS_Validar el proceso de recargar la tarjeta Virtual"><error message="Cannot locate an element using By.xpath: //XCUIElementTypeStaticText[@name='Recarga exitosa']&#10;For documentation on this error, please visit: http://seleniumhq.org/exceptions/no_such_element.html&#10;Build info: version: '3.14.0', revision: 'aacccce0', time: '2018-08-02T20:19:58.91Z'&#10;System info: host: 'JPDONGUT-JW37PV36DC', ip: 'fe80:0:0:0:1c84:cc18:ab0b:35c5%en0', os.name: 'Mac OS X', os.arch: 'x86_64', os.version: '14.3.1', java.version: '1.8.0_411'&#10;Driver info: driver.version: unknown&#10;For documentation on this error, please visit: http://seleniumhq.org/exceptions/no_such_element.html&#10;Build info: version: '3.14.0', revision: 'aacccce0', time: '2018-08-02T20:19:58.91Z'&#10;System info: host: 'JPDONGUT-JW37PV36DC', ip: 'fe80:0:0:0:1c84:cc18:ab0b:35c5%en0', os.name: 'Mac OS X', os.arch: 'x86_64', os.version: '14.3.1', java.version: '1.8.0_411'&#10;Driver info: driver.version: unknown" type="org.openqa.selenium.NoSuchElementException">Cannot locate an element using By.xpath: //XCUIElementTypeStaticText[@name='Recarga exitosa']
For documentation on this error, please visit: http://seleniumhq.org/exceptions/no_such_element.html
Build info: version: '3.14.0', revision: 'aacccce0', time: '2018-08-02T20:19:58.91Z'
System info: host: 'JPDONGUT-JW37PV36DC', ip: 'fe80:0:0:0:1c84:cc18:ab0b:35c5%en0', os.name: 'Mac OS X', os.arch: 'x86_64', os.version: '14.3.1', java.version: '1.8.0_411'
Driver info: driver.version: unknown
For documentation on this error, please visit: http://seleniumhq.org/exceptions/no_such_element.html
Build info: version: '3.14.0', revision: 'aacccce0', time: '2018-08-02T20:19:58.91Z'
System info: host: 'JPDONGUT-JW37PV36DC', ip: 'fe80:0:0:0:1c84:cc18:ab0b:35c5%en0', os.name: 'Mac OS X', os.arch: 'x86_64', os.version: '14.3.1', java.version: '1.8.0_411'
Driver info: driver.version: unknown</error><system-err>Cannot locate an element using By.xpath: //XCUIElementTypeStaticText[@name='Recarga exitosa']
For documentation on this error, please visit: http://seleniumhq.org/exceptions/no_such_element.html
Build info: version: '3.14.0', revision: 'aacccce0', time: '2018-08-02T20:19:58.91Z'
System info: host: 'JPDONGUT-JW37PV36DC', ip: 'fe80:0:0:0:1c84:cc18:ab0b:35c5%en0', os.name: 'Mac OS X', os.arch: 'x86_64', os.version: '14.3.1', java.version: '1.8.0_411'
Driver info: driver.version: unknown
For documentation on this error, please visit: http://seleniumhq.org/exceptions/no_such_element.html
Build info: version: '3.14.0', revision: 'aacccce0', time: '2018-08-02T20:19:58.91Z'
System info: host: 'JPDONGUT-JW37PV36DC', ip: 'fe80:0:0:0:1c84:cc18:ab0b:35c5%en0', os.name: 'Mac OS X', os.arch: 'x86_64', os.version: '14.3.1', java.version: '1.8.0_411'
Driver info: driver.version: unknown
daviplata.nacional.iOS.pageObjects.EcardPageObject.verificoTransaccionExitosa(EcardPageObject.java:472)
daviplata.nacional.iOS.steps.EcardSteps.validoRecargaExitosa(EcardSteps.java:169)
daviplata.nacional.iOS.definitions.EcardDefinitions.validoRecargaExitosa(EcardDefinitions.java:74)
cucumber.runner.Runner.runPickle(Runner.java:80)
daviplata.nacional.iOS.runners.RunnerPersonalizado.run(RunnerPersonalizado.java:63)
org.eclipse.jdt.internal.junit4.runner.JUnit4TestReference.run(JUnit4TestReference.java:93)
org.eclipse.jdt.internal.junit.runner.TestExecution.run(TestExecution.java:40)
org.eclipse.jdt.internal.junit.runner.RemoteTestRunner.runTests(RemoteTestRunner.java:529)
org.eclipse.jdt.internal.junit.runner.RemoteTestRunner.runTests(RemoteTestRunner.java:756)
org.eclipse.jdt.internal.junit.runner.RemoteTestRunner.run(RemoteTestRunner.java:452)
org.eclipse.jdt.internal.junit.runner.RemoteTestRunner.main(RemoteTestRunner.java:210)
</system-err></testcase><testcase name="CP1062M_SYS_Validar el proceso de bloqueo de la tarjeta Virtual"/><testcase name="CP11630M_SYS_Validar el proceso de mostrar movimientos de la tarjeta virtual"/><testcase name="CP1164M_SYS_Validar el proceso de ver datos de tarjeta virtual"/><testcase name="CP1165M_SYS_Validar mensaje para recarga a tarjeta virtual cuando no hay suficiente disponible"><error message="Session ID is null. Using WebDriver after calling quit()?&#10;Build info: version: '3.14.0', revision: 'aacccce0', time: '2018-08-02T20:19:58.91Z'&#10;System info: host: 'JPDONGUT-JW37PV36DC', ip: 'fe80:0:0:0:1c84:cc18:ab0b:35c5%en0', os.name: 'Mac OS X', os.arch: 'x86_64', os.version: '14.3.1', java.version: '1.8.0_411'&#10;Driver info: driver.version: RemoteWebDriver&#10;Build info: version: '3.14.0', revision: 'aacccce0', time: '2018-08-02T20:19:58.91Z'&#10;System info: host: 'JPDONGUT-JW37PV36DC', ip: 'fe80:0:0:0:1c84:cc18:ab0b:35c5%en0', os.name: 'Mac OS X', os.arch: 'x86_64', os.version: '14.3.1', java.version: '1.8.0_411'&#10;Driver info: driver.version: unknown" type="org.openqa.selenium.NoSuchSessionException">Session ID is null. Using WebDriver after calling quit()?
Build info: version: '3.14.0', revision: 'aacccce0', time: '2018-08-02T20:19:58.91Z'
System info: host: 'JPDONGUT-JW37PV36DC', ip: 'fe80:0:0:0:1c84:cc18:ab0b:35c5%en0', os.name: 'Mac OS X', os.arch: 'x86_64', os.version: '14.3.1', java.version: '1.8.0_411'
Driver info: driver.version: RemoteWebDriver
Build info: version: '3.14.0', revision: 'aacccce0', time: '2018-08-02T20:19:58.91Z'
System info: host: 'JPDONGUT-JW37PV36DC', ip: 'fe80:0:0:0:1c84:cc18:ab0b:35c5%en0', os.name: 'Mac OS X', os.arch: 'x86_64', os.version: '14.3.1', java.version: '1.8.0_411'
Driver info: driver.version: unknown</error><system-err>Session ID is null. Using WebDriver after calling quit()?
Build info: version: '3.14.0', revision: 'aacccce0', time: '2018-08-02T20:19:58.91Z'
System info: host: 'JPDONGUT-JW37PV36DC', ip: 'fe80:0:0:0:1c84:cc18:ab0b:35c5%en0', os.name: 'Mac OS X', os.arch: 'x86_64', os.version: '14.3.1', java.version: '1.8.0_411'
Driver info: driver.version: RemoteWebDriver
Build info: version: '3.14.0', revision: 'aacccce0', time: '2018-08-02T20:19:58.91Z'
System info: host: 'JPDONGUT-JW37PV36DC', ip: 'fe80:0:0:0:1c84:cc18:ab0b:35c5%en0', os.name: 'Mac OS X', os.arch: 'x86_64', os.version: '14.3.1', java.version: '1.8.0_411'
Driver info: driver.version: unknown
daviplata.nacional.iOS.pageObjects.WebRedebanPageObjects.clicBtnDebitoPrepago(WebRedebanPageObjects.java:521)
daviplata.nacional.iOS.steps.WebRedebanSteps.consultaNumeroCelular(WebRedebanSteps.java:340)
daviplata.nacional.iOS.definitions.BolsilloDefinitions.obtenerNumeroCelularActualEnRedeban(BolsilloDefinitions.java:140)
✽.obtener numero celular actual en redeban bolsillos "10050078"(src/test/resources/features/Ecard.feature:61)
</system-err></testcase><testcase name="CP1068M_SYS_Validar tope actual en la recarga Tarjeta virtual"><failure message="No se pudo interactuar con el elemento: //XCUIElementTypeStaticText[contains(@name,'Valor invalido')]" type="java.lang.AssertionError">No se pudo interactuar con el elemento: //XCUIElementTypeStaticText[contains(@name,'Valor invalido')]</failure><system-err>No se pudo interactuar con el elemento: //XCUIElementTypeStaticText[contains(@name,'Valor invalido')]
daviplata.nacional.iOS.utilidades.UtilidadesTCS.obtenerTexto(UtilidadesTCS.java:166)
daviplata.nacional.iOS.steps.EcardSteps.validarMensajeDeTopes(EcardSteps.java:399)
daviplata.nacional.iOS.definitions.EcardDefinitions.validarMensajeDeTopesEnTarjetaVirtual(EcardDefinitions.java:200)
✽.Validar mensaje de topes en tarjeta virtual(src/test/resources/features/Ecard.feature:78)
</system-err></testcase><testcase name="CP0870M_SYS_Validar que se genere el CVV de la eCard,  dando clic al logo de la tarjeta"><error message="no such window: target window already closed&#10;from unknown error: web view not found&#10;  (Session info: chrome=126.0.6478.127)&#10;Build info: version: '3.14.0', revision: 'aacccce0', time: '2018-08-02T20:19:58.91Z'&#10;System info: host: 'JPDONGUT-JW37PV36DC', ip: 'fe80:0:0:0:1c84:cc18:ab0b:35c5%en0', os.name: 'Mac OS X', os.arch: 'x86_64', os.version: '14.3.1', java.version: '1.8.0_411'&#10;Driver info: org.openqa.selenium.chrome.ChromeDriver&#10;Capabilities {acceptInsecureCerts: false, browserName: chrome, browserVersion: 126.0.6478.127, chrome: {chromedriverVersion: 125.0.6422.76 (67dcf7562b8f..., userDataDir: /var/folders/67/1856k41s1cn...}, fedcm:accounts: true, goog:chromeOptions: {debuggerAddress: localhost:51195}, javascriptEnabled: true, networkConnectionEnabled: false, pageLoadStrategy: normal, platform: MAC, platformName: MAC, proxy: Proxy(), setWindowRect: true, strictFileInteractability: false, timeouts: {implicit: 0, pageLoad: 300000, script: 30000}, unhandledPromptBehavior: dismiss and notify, webauthn:extension:credBlob: true, webauthn:extension:largeBlob: true, webauthn:extension:minPinLength: true, webauthn:extension:prf: true, webauthn:virtualAuthenticators: true}&#10;Session ID: c4048014df0a225aed75bc7adbf83cdf&#10;*** Element info: {Using=xpath, value=/html/body/form/fieldset/div[1]/input}&#10;Build info: version: '3.14.0', revision: 'aacccce0', time: '2018-08-02T20:19:58.91Z'&#10;System info: host: 'JPDONGUT-JW37PV36DC', ip: 'fe80:0:0:0:1c84:cc18:ab0b:35c5%en0', os.name: 'Mac OS X', os.arch: 'x86_64', os.version: '14.3.1', java.version: '1.8.0_411'&#10;Driver info: driver.version: unknown" type="org.openqa.selenium.NoSuchWindowException">no such window: target window already closed
from unknown error: web view not found
  (Session info: chrome=126.0.6478.127)
Build info: version: '3.14.0', revision: 'aacccce0', time: '2018-08-02T20:19:58.91Z'
System info: host: 'JPDONGUT-JW37PV36DC', ip: 'fe80:0:0:0:1c84:cc18:ab0b:35c5%en0', os.name: 'Mac OS X', os.arch: 'x86_64', os.version: '14.3.1', java.version: '1.8.0_411'
Driver info: org.openqa.selenium.chrome.ChromeDriver
Capabilities {acceptInsecureCerts: false, browserName: chrome, browserVersion: 126.0.6478.127, chrome: {chromedriverVersion: 125.0.6422.76 (67dcf7562b8f..., userDataDir: /var/folders/67/1856k41s1cn...}, fedcm:accounts: true, goog:chromeOptions: {debuggerAddress: localhost:51195}, javascriptEnabled: true, networkConnectionEnabled: false, pageLoadStrategy: normal, platform: MAC, platformName: MAC, proxy: Proxy(), setWindowRect: true, strictFileInteractability: false, timeouts: {implicit: 0, pageLoad: 300000, script: 30000}, unhandledPromptBehavior: dismiss and notify, webauthn:extension:credBlob: true, webauthn:extension:largeBlob: true, webauthn:extension:minPinLength: true, webauthn:extension:prf: true, webauthn:virtualAuthenticators: true}
Session ID: c4048014df0a225aed75bc7adbf83cdf
*** Element info: {Using=xpath, value=/html/body/form/fieldset/div[1]/input}
Build info: version: '3.14.0', revision: 'aacccce0', time: '2018-08-02T20:19:58.91Z'
System info: host: 'JPDONGUT-JW37PV36DC', ip: 'fe80:0:0:0:1c84:cc18:ab0b:35c5%en0', os.name: 'Mac OS X', os.arch: 'x86_64', os.version: '14.3.1', java.version: '1.8.0_411'
Driver info: driver.version: unknown</error><system-err>no such window: target window already closed
from unknown error: web view not found
  (Session info: chrome=126.0.6478.127)
Build info: version: '3.14.0', revision: 'aacccce0', time: '2018-08-02T20:19:58.91Z'
System info: host: 'JPDONGUT-JW37PV36DC', ip: 'fe80:0:0:0:1c84:cc18:ab0b:35c5%en0', os.name: 'Mac OS X', os.arch: 'x86_64', os.version: '14.3.1', java.version: '1.8.0_411'
Driver info: org.openqa.selenium.chrome.ChromeDriver
Capabilities {acceptInsecureCerts: false, browserName: chrome, browserVersion: 126.0.6478.127, chrome: {chromedriverVersion: 125.0.6422.76 (67dcf7562b8f..., userDataDir: /var/folders/67/1856k41s1cn...}, fedcm:accounts: true, goog:chromeOptions: {debuggerAddress: localhost:51195}, javascriptEnabled: true, networkConnectionEnabled: false, pageLoadStrategy: normal, platform: MAC, platformName: MAC, proxy: Proxy(), setWindowRect: true, strictFileInteractability: false, timeouts: {implicit: 0, pageLoad: 300000, script: 30000}, unhandledPromptBehavior: dismiss and notify, webauthn:extension:credBlob: true, webauthn:extension:largeBlob: true, webauthn:extension:minPinLength: true, webauthn:extension:prf: true, webauthn:virtualAuthenticators: true}
Session ID: c4048014df0a225aed75bc7adbf83cdf
*** Element info: {Using=xpath, value=/html/body/form/fieldset/div[1]/input}
Build info: version: '3.14.0', revision: 'aacccce0', time: '2018-08-02T20:19:58.91Z'
System info: host: 'JPDONGUT-JW37PV36DC', ip: 'fe80:0:0:0:1c84:cc18:ab0b:35c5%en0', os.name: 'Mac OS X', os.arch: 'x86_64', os.version: '14.3.1', java.version: '1.8.0_411'
Driver info: driver.version: unknown
daviplata.nacional.iOS.pageObjects.NanocreditoPageObjects.sendKeysInputNumeroCelular(NanocreditoPageObjects.java:306)
daviplata.nacional.iOS.steps.EcardSteps.validarCVVEcard(EcardSteps.java:386)
daviplata.nacional.iOS.definitions.EcardDefinitions.ValidoEnWebConsultas(EcardDefinitions.java:195)
cucumber.runner.Runner.runPickle(Runner.java:80)
daviplata.nacional.iOS.runners.RunnerPersonalizado.run(RunnerPersonalizado.java:63)
org.eclipse.jdt.internal.junit4.runner.JUnit4TestReference.run(JUnit4TestReference.java:93)
org.eclipse.jdt.internal.junit.runner.TestExecution.run(TestExecution.java:40)
org.eclipse.jdt.internal.junit.runner.RemoteTestRunner.runTests(RemoteTestRunner.java:529)
org.eclipse.jdt.internal.junit.runner.RemoteTestRunner.runTests(RemoteTestRunner.java:756)
org.eclipse.jdt.internal.junit.runner.RemoteTestRunner.run(RemoteTestRunner.java:452)
org.eclipse.jdt.internal.junit.runner.RemoteTestRunner.main(RemoteTestRunner.java:210)
</system-err></testcase><testcase name="CP0880M_SYS_Validar que se pueda consultar los datos de la eCard, dando clic al botón de ver datos"/><testcase name="CP0890M_SYS_Validar que se genere el CVV de la eCard, dando clic al botón de ver datos"><error message="The following error occurred: unknown error: net::ERR_CONNECTION_TIMED_OUT&#10;  (Session info: chrome=126.0.6478.127)&#10;Build info: version: '3.14.0', revision: 'aacccce0', time: '2018-08-02T20:19:58.91Z'&#10;System info: host: 'JPDONGUT-JW37PV36DC', ip: 'fe80:0:0:0:1c84:cc18:ab0b:35c5%en0', os.name: 'Mac OS X', os.arch: 'x86_64', os.version: '14.3.1', java.version: '1.8.0_411'&#10;Driver info: org.openqa.selenium.chrome.ChromeDriver&#10;Capabilities {acceptInsecureCerts: false, browserName: chrome, browserVersion: 126.0.6478.127, chrome: {chromedriverVersion: 125.0.6422.76 (67dcf7562b8f..., userDataDir: /var/folders/67/1856k41s1cn...}, fedcm:accounts: true, goog:chromeOptions: {debuggerAddress: localhost:51285}, javascriptEnabled: true, networkConnectionEnabled: false, pageLoadStrategy: normal, platform: MAC, platformName: MAC, proxy: Proxy(), setWindowRect: true, strictFileInteractability: false, timeouts: {implicit: 0, pageLoad: 300000, script: 30000}, unhandledPromptBehavior: dismiss and notify, webauthn:extension:credBlob: true, webauthn:extension:largeBlob: true, webauthn:extension:minPinLength: true, webauthn:extension:prf: true, webauthn:virtualAuthenticators: true}&#10;Session ID: e42a2c51e064b6f9980e46cade1bb3fa&#10;Build info: version: '3.14.0', revision: 'aacccce0', time: '2018-08-02T20:19:58.91Z'&#10;System info: host: 'JPDONGUT-JW37PV36DC', ip: 'fe80:0:0:0:1c84:cc18:ab0b:35c5%en0', os.name: 'Mac OS X', os.arch: 'x86_64', os.version: '14.3.1', java.version: '1.8.0_411'&#10;Driver info: driver.version: unknown" type="org.openqa.selenium.WebDriverException">The following error occurred: unknown error: net::ERR_CONNECTION_TIMED_OUT
  (Session info: chrome=126.0.6478.127)
Build info: version: '3.14.0', revision: 'aacccce0', time: '2018-08-02T20:19:58.91Z'
System info: host: 'JPDONGUT-JW37PV36DC', ip: 'fe80:0:0:0:1c84:cc18:ab0b:35c5%en0', os.name: 'Mac OS X', os.arch: 'x86_64', os.version: '14.3.1', java.version: '1.8.0_411'
Driver info: org.openqa.selenium.chrome.ChromeDriver
Capabilities {acceptInsecureCerts: false, browserName: chrome, browserVersion: 126.0.6478.127, chrome: {chromedriverVersion: 125.0.6422.76 (67dcf7562b8f..., userDataDir: /var/folders/67/1856k41s1cn...}, fedcm:accounts: true, goog:chromeOptions: {debuggerAddress: localhost:51285}, javascriptEnabled: true, networkConnectionEnabled: false, pageLoadStrategy: normal, platform: MAC, platformName: MAC, proxy: Proxy(), setWindowRect: true, strictFileInteractability: false, timeouts: {implicit: 0, pageLoad: 300000, script: 30000}, unhandledPromptBehavior: dismiss and notify, webauthn:extension:credBlob: true, webauthn:extension:largeBlob: true, webauthn:extension:minPinLength: true, webauthn:extension:prf: true, webauthn:virtualAuthenticators: true}
Session ID: e42a2c51e064b6f9980e46cade1bb3fa
Build info: version: '3.14.0', revision: 'aacccce0', time: '2018-08-02T20:19:58.91Z'
System info: host: 'JPDONGUT-JW37PV36DC', ip: 'fe80:0:0:0:1c84:cc18:ab0b:35c5%en0', os.name: 'Mac OS X', os.arch: 'x86_64', os.version: '14.3.1', java.version: '1.8.0_411'
Driver info: driver.version: unknown</error><system-err>The following error occurred: unknown error: net::ERR_CONNECTION_TIMED_OUT
  (Session info: chrome=126.0.6478.127)
Build info: version: '3.14.0', revision: 'aacccce0', time: '2018-08-02T20:19:58.91Z'
System info: host: 'JPDONGUT-JW37PV36DC', ip: 'fe80:0:0:0:1c84:cc18:ab0b:35c5%en0', os.name: 'Mac OS X', os.arch: 'x86_64', os.version: '14.3.1', java.version: '1.8.0_411'
Driver info: org.openqa.selenium.chrome.ChromeDriver
Capabilities {acceptInsecureCerts: false, browserName: chrome, browserVersion: 126.0.6478.127, chrome: {chromedriverVersion: 125.0.6422.76 (67dcf7562b8f..., userDataDir: /var/folders/67/1856k41s1cn...}, fedcm:accounts: true, goog:chromeOptions: {debuggerAddress: localhost:51285}, javascriptEnabled: true, networkConnectionEnabled: false, pageLoadStrategy: normal, platform: MAC, platformName: MAC, proxy: Proxy(), setWindowRect: true, strictFileInteractability: false, timeouts: {implicit: 0, pageLoad: 300000, script: 30000}, unhandledPromptBehavior: dismiss and notify, webauthn:extension:credBlob: true, webauthn:extension:largeBlob: true, webauthn:extension:minPinLength: true, webauthn:extension:prf: true, webauthn:virtualAuthenticators: true}
Session ID: e42a2c51e064b6f9980e46cade1bb3fa
Build info: version: '3.14.0', revision: 'aacccce0', time: '2018-08-02T20:19:58.91Z'
System info: host: 'JPDONGUT-JW37PV36DC', ip: 'fe80:0:0:0:1c84:cc18:ab0b:35c5%en0', os.name: 'Mac OS X', os.arch: 'x86_64', os.version: '14.3.1', java.version: '1.8.0_411'
Driver info: driver.version: unknown
daviplata.nacional.iOS.pageObjects.NanocreditoPageObjects.abrirConsultaNotificaciones(NanocreditoPageObjects.java:301)
daviplata.nacional.iOS.steps.EcardSteps.validarCVVEcard(EcardSteps.java:385)
daviplata.nacional.iOS.definitions.EcardDefinitions.ValidoEnWebConsultas(EcardDefinitions.java:195)
cucumber.runner.Runner.runPickle(Runner.java:80)
daviplata.nacional.iOS.runners.RunnerPersonalizado.run(RunnerPersonalizado.java:63)
org.eclipse.jdt.internal.junit4.runner.JUnit4TestReference.run(JUnit4TestReference.java:93)
org.eclipse.jdt.internal.junit.runner.TestExecution.run(TestExecution.java:40)
org.eclipse.jdt.internal.junit.runner.RemoteTestRunner.runTests(RemoteTestRunner.java:529)
org.eclipse.jdt.internal.junit.runner.RemoteTestRunner.runTests(RemoteTestRunner.java:756)
org.eclipse.jdt.internal.junit.runner.RemoteTestRunner.run(RemoteTestRunner.java:452)
org.eclipse.jdt.internal.junit.runner.RemoteTestRunner.main(RemoteTestRunner.java:210)
</system-err></testcase><testcase name="CP0920M_SYS_Validar que no permita realizar la recarga cuando la tarjeta esta restringida"><failure message="&#10;Expected: (a string containing &quot;tarjeta con aviso de extravio&quot; or a string containing &quot;transaccion con problemas&quot;)&#10;     but: was &quot;Tarjeta con aviso de extravio         00&quot;" type="java.lang.AssertionError">
Expected: (a string containing "tarjeta con aviso de extravio" or a string containing "transaccion con problemas")
     but: was "Tarjeta con aviso de extravio         00"</failure><system-err>
Expected: (a string containing "tarjeta con aviso de extravio" or a string containing "transaccion con problemas")
     but: was "Tarjeta con aviso de extravio         00"
daviplata.nacional.iOS.pageObjects.EcardPageObject.validoRecargaRestringida(EcardPageObject.java:262)
daviplata.nacional.iOS.steps.EcardSteps.validoRecargaRestringida(EcardSteps.java:129)
daviplata.nacional.iOS.definitions.EcardDefinitions.validoRecargaNegada(EcardDefinitions.java:118)
cucumber.runner.Runner.runPickle(Runner.java:80)
daviplata.nacional.iOS.runners.RunnerPersonalizado.run(RunnerPersonalizado.java:63)
org.eclipse.jdt.internal.junit4.runner.JUnit4TestReference.run(JUnit4TestReference.java:93)
org.eclipse.jdt.internal.junit.runner.TestExecution.run(TestExecution.java:40)
org.eclipse.jdt.internal.junit.runner.RemoteTestRunner.runTests(RemoteTestRunner.java:529)
org.eclipse.jdt.internal.junit.runner.RemoteTestRunner.runTests(RemoteTestRunner.java:756)
org.eclipse.jdt.internal.junit.runner.RemoteTestRunner.run(RemoteTestRunner.java:452)
org.eclipse.jdt.internal.junit.runner.RemoteTestRunner.main(RemoteTestRunner.java:210)
</system-err></testcase><testcase name="CP0930M_SYS_Validar que no permita realizar la recarga cuando supero cupo de la eCard"><failure message="No se pudo interactuar con el elemento: //XCUIElementTypeStaticText[contains(@name,'Valor invalido')]" type="java.lang.AssertionError">No se pudo interactuar con el elemento: //XCUIElementTypeStaticText[contains(@name,'Valor invalido')]</failure><system-err>No se pudo interactuar con el elemento: //XCUIElementTypeStaticText[contains(@name,'Valor invalido')]
daviplata.nacional.iOS.utilidades.UtilidadesTCS.obtenerTexto(UtilidadesTCS.java:166)
daviplata.nacional.iOS.steps.EcardSteps.validarMensajeDeTopes(EcardSteps.java:399)
daviplata.nacional.iOS.definitions.EcardDefinitions.validarMensajeDeTopesEnTarjetaVirtual(EcardDefinitions.java:200)
✽.Validar mensaje de topes en tarjeta virtual(src/test/resources/features/Ecard.feature:135)
</system-err></testcase><testcase name="CP1071M_SYS_Validar que no permita realizar la recarga cuando supero cupo del DaviPlata"><failure message="No se pudo interactuar con el elemento: //XCUIElementTypeStaticText[contains(@name,'Valor invalido')]" type="java.lang.AssertionError">No se pudo interactuar con el elemento: //XCUIElementTypeStaticText[contains(@name,'Valor invalido')]</failure><system-err>No se pudo interactuar con el elemento: //XCUIElementTypeStaticText[contains(@name,'Valor invalido')]
daviplata.nacional.iOS.utilidades.UtilidadesTCS.obtenerTexto(UtilidadesTCS.java:166)
daviplata.nacional.iOS.steps.EcardSteps.validarMensajeDeTopes(EcardSteps.java:399)
daviplata.nacional.iOS.definitions.EcardDefinitions.validarMensajeDeTopesEnTarjetaVirtual(EcardDefinitions.java:200)
✽.Validar mensaje de topes en tarjeta virtual(src/test/resources/features/Ecard.feature:146)
</system-err></testcase><testcase name="CP0860M_SYS_Validar que se pueda consultar los datos de la eCard, dando clic al logo de la tarjeta"/><testcase name="CP0950M_SYS_Validar que se visualicen los movimientos de la eCard"/><testcase name="CP0960M_SYS_Validar que se pueda bloquear la eCard"/></testsuite>