<?xml version="1.0" encoding="UTF-8"?><testsuite errors="0" failures="2" name="Modulo Meter plata" skipped="0" tests="3" time="631.42" timestamp="2024-02-05 08:46:07"><testcase name="CP020002M_SYS_Validar transacciones e informacion suministrada por pse con usuario CC,TI,CE en la opcion banco union colombiano"><failure message="No se encontró el elemento: //XCUIElementTypeStaticText[contains(@name,'Verifique la información ingresada')], debido a: Expected condition failed: waiting for visibility of element located by By.xpath: //XCUIElementTypeStaticText[contains(@name,'Verifique la información ingresada')] (tried for 5 second(s) with 500 milliseconds interval)" type="java.lang.AssertionError">No se encontró el elemento: //XCUIElementTypeStaticText[contains(@name,'Verifique la información ingresada')], debido a: Expected condition failed: waiting for visibility of element located by By.xpath: //XCUIElementTypeStaticText[contains(@name,'Verifique la información ingresada')] (tried for 5 second(s) with 500 milliseconds interval)</failure><system-err>No se encontró el elemento: //XCUIElementTypeStaticText[contains(@name,'Verifique la información ingresada')], debido a: Expected condition failed: waiting for visibility of element located by By.xpath: //XCUIElementTypeStaticText[contains(@name,'Verifique la información ingresada')] (tried for 5 second(s) with 500 milliseconds interval)
daviplata.nacional.iOS.utilidades.UtilidadesTCS.esperarElementVisibility(UtilidadesTCS.java:193)
daviplata.nacional.iOS.utilidades.UtilidadesTCS.esperarElementVisibility(UtilidadesTCS.java:191)
daviplata.nacional.iOS.utilidades.UtilidadesTCS.esperarElementVisibility(UtilidadesTCS.java:191)
daviplata.nacional.iOS.utilidades.UtilidadesTCS.esperarElementVisibility(UtilidadesTCS.java:191)
daviplata.nacional.iOS.utilidades.UtilidadesTCS.esperarElementVisibility(UtilidadesTCS.java:191)
daviplata.nacional.iOS.utilidades.UtilidadesTCS.esperarElementVisibility(UtilidadesTCS.java:191)
daviplata.nacional.iOS.utilidades.UtilidadesTCS.esperarElementVisibility(UtilidadesTCS.java:191)
daviplata.nacional.iOS.utilidades.UtilidadesTCS.esperarElementVisibility(UtilidadesTCS.java:191)
daviplata.nacional.iOS.utilidades.UtilidadesTCS.esperarElementVisibility(UtilidadesTCS.java:191)
daviplata.nacional.iOS.utilidades.UtilidadesTCS.esperarElementVisibility(UtilidadesTCS.java:191)
daviplata.nacional.iOS.utilidades.UtilidadesTCS.esperarElementVisibility(UtilidadesTCS.java:191)
daviplata.nacional.iOS.utilidades.UtilidadesTCS.esperarElementVisibility(UtilidadesTCS.java:191)
daviplata.nacional.iOS.utilidades.UtilidadesTCS.esperarElementVisibility(UtilidadesTCS.java:191)
daviplata.nacional.iOS.utilidades.UtilidadesTCS.esperarElementVisibility(UtilidadesTCS.java:191)
daviplata.nacional.iOS.utilidades.UtilidadesTCS.esperarElementVisibility(UtilidadesTCS.java:191)
daviplata.nacional.iOS.steps.MeterPlataSteps.validarPantallaInformacionIngresada(MeterPlataSteps.java:396)
daviplata.nacional.iOS.definitions.MeterPlataDefinitions.validoPantallaDeVerificarInformacionIngresada(MeterPlataDefinitions.java:284)
✽.Valido Pantalla de verificar informacion ingresada(src/test/resources/features/MeterPlata.feature:98)
</system-err></testcase></testsuite>