<?xml version="1.0" encoding="UTF-8"?><testsuite errors="0" failures="4" name="Pruebas del modulo look and feel" skipped="0" tests="12" time="2390.0" timestamp="2024-07-09 10:46:09"><testcase name="CP1281M_SYS_Creación de negocio desde zona privada cliente antiguo sin negocio."><failure message="Se encuentra la biometria activa para el cambio de dispositivo" type="java.lang.AssertionError">Se encuentra la biometria activa para el cambio de dispositivo</failure><system-err>Se encuentra la biometria activa para el cambio de dispositivo
daviplata.nacional.iOS.steps.LoginSteps.ingresarAApp(LoginSteps.java:86)
daviplata.nacional.iOS.definitions.LoginDefinitions.ingresoUsuarioYContrasena(LoginDefinitions.java:40)
✽.ingreso usuario y contrasena "CC" "17130497" "2580"(src/test/resources/features/LookAndFeel.feature:6)
</system-err></testcase><testcase name="CP02570M_SYS_Validar look and feel del home de perfil negocio (Globo saldo &quot;cuanto tengo&quot;)."/><testcase name="CP02580M_SYS_Validar look and feel del home de perfil negocio (botón pasar plata)."/><testcase name="CP02590M_SYS_Validar look and feel del home de perfil negocio (botón sacar plata)."/><testcase name="CP02600M_SYS_Validar look and feel del home de perfil negocio (nombre del negocio)."><failure message="No se encontró label nombre del perfil negocio debido a: Expected condition failed: waiting for element to be clickable: By.xpath: (//XCUIElementTypeStaticText[1])[13] (tried for 10 second(s) with 500 milliseconds interval)" type="java.lang.AssertionError">No se encontró label nombre del perfil negocio debido a: Expected condition failed: waiting for element to be clickable: By.xpath: (//XCUIElementTypeStaticText[1])[13] (tried for 10 second(s) with 500 milliseconds interval)</failure><system-err>No se encontró label nombre del perfil negocio debido a: Expected condition failed: waiting for element to be clickable: By.xpath: (//XCUIElementTypeStaticText[1])[13] (tried for 10 second(s) with 500 milliseconds interval)
daviplata.nacional.iOS.pageObjects.negocioPageObjects.validarNombreNegocio(negocioPageObjects.java:829)
daviplata.nacional.iOS.pageObjects.negocioPageObjects.validarNombreNegocio(negocioPageObjects.java:827)
daviplata.nacional.iOS.pageObjects.negocioPageObjects.validarNombreNegocio(negocioPageObjects.java:827)
daviplata.nacional.iOS.pageObjects.negocioPageObjects.validarNombreNegocio(negocioPageObjects.java:827)
daviplata.nacional.iOS.pageObjects.negocioPageObjects.validarNombreNegocio(negocioPageObjects.java:827)
daviplata.nacional.iOS.steps.negocioSteps.nombrePerfilNegocio(negocioSteps.java:196)
daviplata.nacional.iOS.definitions.negocioDefinitions.validarNombrePerfilNegocio(negocioDefinitions.java:95)
✽.nombre del negocio(src/test/resources/features/LookAndFeel.feature:54)
</system-err></testcase><testcase name="CP02610M_SYS_Validar look and feel del home de perfil negocio (visualización campana de notificaciones)."/><testcase name="CP02620M_SYS_Validar look and feel del home de perfil negocio (visualización opción cerrar)."/><testcase name="CP02630M_SYS_Validar look and feel del home de perfil negocio (visualización menú hamburguesa)."/><testcase name="CP02640M_SYS_Validar opción cambio foto del Perfil en perfil persona."/><testcase name="CP02650M_SYS_Validar opción cambio foto del Perfil en perfil negocio."><failure message="No se encontró botón cambiar imagen perfil negocio debido a: Expected condition failed: waiting for element to be clickable: By.xpath: (//XCUIElementTypeOther[1]/XCUIElementTypeOther)[26] (tried for 10 second(s) with 500 milliseconds interval)" type="java.lang.AssertionError">No se encontró botón cambiar imagen perfil negocio debido a: Expected condition failed: waiting for element to be clickable: By.xpath: (//XCUIElementTypeOther[1]/XCUIElementTypeOther)[26] (tried for 10 second(s) with 500 milliseconds interval)</failure><system-err>No se encontró botón cambiar imagen perfil negocio debido a: Expected condition failed: waiting for element to be clickable: By.xpath: (//XCUIElementTypeOther[1]/XCUIElementTypeOther)[26] (tried for 10 second(s) with 500 milliseconds interval)
daviplata.nacional.iOS.pageObjects.negocioPageObjects.clicCambiarImagenPerfilNegocio(negocioPageObjects.java:579)
daviplata.nacional.iOS.pageObjects.negocioPageObjects.clicCambiarImagenPerfilNegocio(negocioPageObjects.java:577)
daviplata.nacional.iOS.pageObjects.negocioPageObjects.clicCambiarImagenPerfilNegocio(negocioPageObjects.java:577)
daviplata.nacional.iOS.pageObjects.negocioPageObjects.clicCambiarImagenPerfilNegocio(negocioPageObjects.java:577)
daviplata.nacional.iOS.pageObjects.negocioPageObjects.clicCambiarImagenPerfilNegocio(negocioPageObjects.java:577)
daviplata.nacional.iOS.steps.negocioSteps.flujoCambiarFotoPerfilNegocio(negocioSteps.java:124)
daviplata.nacional.iOS.definitions.negocioDefinitions.flujoCambiarFotoPerfilNegocio(negocioDefinitions.java:77)
✽.Flujo cambiar foto perfil negocio(src/test/resources/features/LookAndFeel.feature:108)
</system-err></testcase><testcase name="CP02660M_SYS_Validar visualización botón menú hamburguesa desde perfil negocio."/><testcase name="CP02670M_SYS_Validar botón menú hamburguesa desde perfil negocio (usar plata)"><failure message="No se pudo encontrar la opcion 'Pasar Plata' perfil negocio debido a: Expected condition failed: waiting for visibility of element located by By.xpath: //XCUIElementTypeOther[@name='Pasar plata botón'] (tried for 10 second(s) with 500 milliseconds interval)&#10;Build info: version: '3.14.0', revision: 'aacccce0', time: '2018-08-02T20:19:58.91Z'&#10;System info: host: 'JPDONGUT-JW37PV36DC', ip: 'fe80:0:0:0:dc:85ad:5449:62c0%en0', os.name: 'Mac OS X', os.arch: 'x86_64', os.version: '14.3.1', java.version: '1.8.0_411'&#10;Driver info: io.appium.java_client.AppiumDriver&#10;Capabilities {autoAcceptAlerts: true, automationName: XCUITest, browserName: , bundleId: com.daviplatavalid.lab, databaseEnabled: false, deviceName: iPhone 12, javascriptEnabled: true, locationContextEnabled: false, networkConnectionEnabled: false, newCommandTimeout: 240, noReset: false, platform: MAC, platformName: MAC, platformVersion: 17.5, showXcodelog: true, skipUnlock: true, takesScreenshot: true, udid: 00008101-000E35003688801E, webStorageEnabled: false}&#10;Session ID: 25dbdce1-f92e-4982-bb52-c0f1a3cdaf5e" type="java.lang.AssertionError">No se pudo encontrar la opcion 'Pasar Plata' perfil negocio debido a: Expected condition failed: waiting for visibility of element located by By.xpath: //XCUIElementTypeOther[@name='Pasar plata botón'] (tried for 10 second(s) with 500 milliseconds interval)
Build info: version: '3.14.0', revision: 'aacccce0', time: '2018-08-02T20:19:58.91Z'
System info: host: 'JPDONGUT-JW37PV36DC', ip: 'fe80:0:0:0:dc:85ad:5449:62c0%en0', os.name: 'Mac OS X', os.arch: 'x86_64', os.version: '14.3.1', java.version: '1.8.0_411'
Driver info: io.appium.java_client.AppiumDriver
Capabilities {autoAcceptAlerts: true, automationName: XCUITest, browserName: , bundleId: com.daviplatavalid.lab, databaseEnabled: false, deviceName: iPhone 12, javascriptEnabled: true, locationContextEnabled: false, networkConnectionEnabled: false, newCommandTimeout: 240, noReset: false, platform: MAC, platformName: MAC, platformVersion: 17.5, showXcodelog: true, skipUnlock: true, takesScreenshot: true, udid: 00008101-000E35003688801E, webStorageEnabled: false}
Session ID: 25dbdce1-f92e-4982-bb52-c0f1a3cdaf5e</failure><system-err>No se pudo encontrar la opcion 'Pasar Plata' perfil negocio debido a: Expected condition failed: waiting for visibility of element located by By.xpath: //XCUIElementTypeOther[@name='Pasar plata botón'] (tried for 10 second(s) with 500 milliseconds interval)
Build info: version: '3.14.0', revision: 'aacccce0', time: '2018-08-02T20:19:58.91Z'
System info: host: 'JPDONGUT-JW37PV36DC', ip: 'fe80:0:0:0:dc:85ad:5449:62c0%en0', os.name: 'Mac OS X', os.arch: 'x86_64', os.version: '14.3.1', java.version: '1.8.0_411'
Driver info: io.appium.java_client.AppiumDriver
Capabilities {autoAcceptAlerts: true, automationName: XCUITest, browserName: , bundleId: com.daviplatavalid.lab, databaseEnabled: false, deviceName: iPhone 12, javascriptEnabled: true, locationContextEnabled: false, networkConnectionEnabled: false, newCommandTimeout: 240, noReset: false, platform: MAC, platformName: MAC, platformVersion: 17.5, showXcodelog: true, skipUnlock: true, takesScreenshot: true, udid: 00008101-000E35003688801E, webStorageEnabled: false}
Session ID: 25dbdce1-f92e-4982-bb52-c0f1a3cdaf5e
daviplata.nacional.iOS.pageObjects.negocioPageObjects.validarOpcionPasarPlataPerfilNegocio(negocioPageObjects.java:453)
daviplata.nacional.iOS.pageObjects.negocioPageObjects.validarOpcionPasarPlataPerfilNegocio(negocioPageObjects.java:451)
daviplata.nacional.iOS.pageObjects.negocioPageObjects.validarOpcionPasarPlataPerfilNegocio(negocioPageObjects.java:451)
daviplata.nacional.iOS.pageObjects.negocioPageObjects.validarOpcionPasarPlataPerfilNegocio(negocioPageObjects.java:451)
daviplata.nacional.iOS.pageObjects.negocioPageObjects.validarOpcionPasarPlataPerfilNegocio(negocioPageObjects.java:451)
daviplata.nacional.iOS.steps.negocioSteps.validarBtnMenuHamburguesaPerfilNegocioUsarPlata(negocioSteps.java:187)
daviplata.nacional.iOS.definitions.negocioDefinitions.validarBotonMenuHamburguesaYOpcionUsarPlata(negocioDefinitions.java:39)
cucumber.runner.Runner.runPickle(Runner.java:80)
daviplata.nacional.iOS.runners.RunnerPersonalizado.run(RunnerPersonalizado.java:63)
org.eclipse.jdt.internal.junit4.runner.JUnit4TestReference.run(JUnit4TestReference.java:93)
org.eclipse.jdt.internal.junit.runner.TestExecution.run(TestExecution.java:40)
org.eclipse.jdt.internal.junit.runner.RemoteTestRunner.runTests(RemoteTestRunner.java:529)
org.eclipse.jdt.internal.junit.runner.RemoteTestRunner.runTests(RemoteTestRunner.java:756)
org.eclipse.jdt.internal.junit.runner.RemoteTestRunner.run(RemoteTestRunner.java:452)
org.eclipse.jdt.internal.junit.runner.RemoteTestRunner.main(RemoteTestRunner.java:210)
</system-err></testcase></testsuite>