<?xml version="1.0" encoding="UTF-8"?><testsuite errors="0" failures="1" name="Pruebas en la funcionalidad de perfil negocio de la app Daviplata." skipped="0" tests="1" time="241.68" timestamp="2024-03-21 12:09:23"><testcase name="CP02674M_SYS_Validar funcionalidad de sacar plata desde botón &quot;usar plata&quot; de menú hamburguesa desde perfil negocio."><failure message="No se encontró boton 'Mi DaviPlata', debido a: Expected condition failed: waiting for element to be clickable: By.xpath: //XCUIElementTypeOther[@name=&quot;main&quot;]/XCUIElementTypeOther[1]/XCUIElementTypeOther/XCUIElementTypeOther[2] | //*[@resource-id='toggleButton'] (tried for 10 second(s) with 500 milliseconds interval)&#10;Build info: version: '3.14.0', revision: 'aacccce0', time: '2018-08-02T20:19:58.91Z'&#10;System info: host: 'MacBook-Pro-de-User-3.local', ip: 'fe80:0:0:0:49:cda1:4b77:93b7%en0', os.name: 'Mac OS X', os.arch: 'aarch64', os.version: '13.1', java.version: '1.8.0_401'&#10;Driver info: io.appium.java_client.AppiumDriver&#10;Capabilities {autoAcceptAlerts: true, automationName: XCUITest, browserName: , bundleId: com.daviplatavalid.lab, databaseEnabled: false, deviceName: iPhone 14, javascriptEnabled: true, locationContextEnabled: false, networkConnectionEnabled: false, newCommandTimeout: 240, noReset: false, platform: MAC, platformName: MAC, platformVersion: 16.4, showXcodelog: true, skipUnlock: true, takesScreenshot: true, udid: 00008120-001A09993E60201E, webStorageEnabled: false}&#10;Session ID: 1772c998-3218-4b05-831f-7b244e3bd0cd" type="java.lang.AssertionError">No se encontró boton 'Mi DaviPlata', debido a: Expected condition failed: waiting for element to be clickable: By.xpath: //XCUIElementTypeOther[@name="main"]/XCUIElementTypeOther[1]/XCUIElementTypeOther/XCUIElementTypeOther[2] | //*[@resource-id='toggleButton'] (tried for 10 second(s) with 500 milliseconds interval)
Build info: version: '3.14.0', revision: 'aacccce0', time: '2018-08-02T20:19:58.91Z'
System info: host: 'MacBook-Pro-de-User-3.local', ip: 'fe80:0:0:0:49:cda1:4b77:93b7%en0', os.name: 'Mac OS X', os.arch: 'aarch64', os.version: '13.1', java.version: '1.8.0_401'
Driver info: io.appium.java_client.AppiumDriver
Capabilities {autoAcceptAlerts: true, automationName: XCUITest, browserName: , bundleId: com.daviplatavalid.lab, databaseEnabled: false, deviceName: iPhone 14, javascriptEnabled: true, locationContextEnabled: false, networkConnectionEnabled: false, newCommandTimeout: 240, noReset: false, platform: MAC, platformName: MAC, platformVersion: 16.4, showXcodelog: true, skipUnlock: true, takesScreenshot: true, udid: 00008120-001A09993E60201E, webStorageEnabled: false}
Session ID: 1772c998-3218-4b05-831f-7b244e3bd0cd</failure><system-err>No se encontró boton 'Mi DaviPlata', debido a: Expected condition failed: waiting for element to be clickable: By.xpath: //XCUIElementTypeOther[@name="main"]/XCUIElementTypeOther[1]/XCUIElementTypeOther/XCUIElementTypeOther[2] | //*[@resource-id='toggleButton'] (tried for 10 second(s) with 500 milliseconds interval)
Build info: version: '3.14.0', revision: 'aacccce0', time: '2018-08-02T20:19:58.91Z'
System info: host: 'MacBook-Pro-de-User-3.local', ip: 'fe80:0:0:0:49:cda1:4b77:93b7%en0', os.name: 'Mac OS X', os.arch: 'aarch64', os.version: '13.1', java.version: '1.8.0_401'
Driver info: io.appium.java_client.AppiumDriver
Capabilities {autoAcceptAlerts: true, automationName: XCUITest, browserName: , bundleId: com.daviplatavalid.lab, databaseEnabled: false, deviceName: iPhone 14, javascriptEnabled: true, locationContextEnabled: false, networkConnectionEnabled: false, newCommandTimeout: 240, noReset: false, platform: MAC, platformName: MAC, platformVersion: 16.4, showXcodelog: true, skipUnlock: true, takesScreenshot: true, udid: 00008120-001A09993E60201E, webStorageEnabled: false}
Session ID: 1772c998-3218-4b05-831f-7b244e3bd0cd
daviplata.nacional.iOS.pageObjects.negocioPageObjects.darClicBotonMiDaviplata(negocioPageObjects.java:3222)
daviplata.nacional.iOS.pageObjects.negocioPageObjects.darClicBotonMiDaviplata(negocioPageObjects.java:3220)
daviplata.nacional.iOS.pageObjects.negocioPageObjects.darClicBotonMiDaviplata(negocioPageObjects.java:3220)
daviplata.nacional.iOS.pageObjects.negocioPageObjects.darClicBotonMiDaviplata(negocioPageObjects.java:3220)
daviplata.nacional.iOS.pageObjects.negocioPageObjects.darClicBotonMiDaviplata(negocioPageObjects.java:3220)
daviplata.nacional.iOS.steps.negocioSteps.flujoSacarPlataPerfilNegocio(negocioSteps.java:315)
daviplata.nacional.iOS.definitions.negocioDefinitions.flujoDeSacarPlata(negocioDefinitions.java:153)
cucumber.runner.Runner.runPickle(Runner.java:80)
daviplata.nacional.iOS.runners.RunnerPersonalizado.run(RunnerPersonalizado.java:63)
org.eclipse.jdt.internal.junit4.runner.JUnit4TestReference.run(JUnit4TestReference.java:93)
org.eclipse.jdt.internal.junit.runner.TestExecution.run(TestExecution.java:40)
org.eclipse.jdt.internal.junit.runner.RemoteTestRunner.runTests(RemoteTestRunner.java:529)
org.eclipse.jdt.internal.junit.runner.RemoteTestRunner.runTests(RemoteTestRunner.java:756)
org.eclipse.jdt.internal.junit.runner.RemoteTestRunner.run(RemoteTestRunner.java:452)
org.eclipse.jdt.internal.junit.runner.RemoteTestRunner.main(RemoteTestRunner.java:210)
</system-err></testcase></testsuite>