<?xml version="1.0" encoding="UTF-8"?><testsuite errors="0" failures="1" name="Modulo Meter plata" skipped="0" tests="1" time="107.46" timestamp="2024-07-08 03:13:33"><testcase name="CP04239M_SYS_Validar proceso de meter plata al daviplata a traves de PSE Subtipo M35"><failure message="Se encuentra la biometria activa para el cambio de dispositivo" type="java.lang.AssertionError">Se encuentra la biometria activa para el cambio de dispositivo</failure><system-err>Se encuentra la biometria activa para el cambio de dispositivo
daviplata.nacional.iOS.steps.LoginSteps.ingresarAApp(LoginSteps.java:86)
daviplata.nacional.iOS.definitions.LoginDefinitions.ingresoUsuarioYContrasena(LoginDefinitions.java:40)
✽.ingreso usuario y contrasena "CC" "10050098" "2589"(src/test/resources/features/MeterPlata.feature:61)
</system-err></testcase></testsuite>