<?xml version="1.0" encoding="UTF-8"?><testsuite errors="0" failures="1" name="Gruopo de casos comprobante QR" skipped="0" tests="1" time="83.05" timestamp="2024-04-24 02:11:33"><testcase name="CP01001M_SYS_Validar que cuando el cliente de click en el botón “Código QR” se debe desplegar a la derecha tres botones"><failure message="No se encontró botón 'Comprar' en las opciones QR, debido a: Expected condition failed: waiting for visibility of element located by By.xpath: //*[@name='Comprar'] (tried for 5 second(s) with 500 milliseconds interval)" type="java.lang.AssertionError">No se encontró botón 'Comprar' en las opciones QR, debido a: Expected condition failed: waiting for visibility of element located by By.xpath: //*[@name='Comprar'] (tried for 5 second(s) with 500 milliseconds interval)</failure><system-err>No se encontró botón 'Comprar' en las opciones QR, debido a: Expected condition failed: waiting for visibility of element located by By.xpath: //*[@name='Comprar'] (tried for 5 second(s) with 500 milliseconds interval)
daviplata.nacional.iOS.pageObjects.ComprobanteQrPageObjects.validarOpcionComprar(ComprobanteQrPageObjects.java:97)
daviplata.nacional.iOS.pageObjects.ComprobanteQrPageObjects.validarOpcionComprar(ComprobanteQrPageObjects.java:95)
daviplata.nacional.iOS.pageObjects.ComprobanteQrPageObjects.validarOpcionComprar(ComprobanteQrPageObjects.java:95)
daviplata.nacional.iOS.pageObjects.ComprobanteQrPageObjects.validarOpcionComprar(ComprobanteQrPageObjects.java:95)
daviplata.nacional.iOS.pageObjects.ComprobanteQrPageObjects.validarOpcionComprar(ComprobanteQrPageObjects.java:95)
daviplata.nacional.iOS.steps.ComprobanteQrSteps.validarOpcionesBotonQr(ComprobanteQrSteps.java:87)
daviplata.nacional.iOS.definitions.ComprobanteQrDefinitions.validarOpcionesDelBotonQR(ComprobanteQrDefinitions.java:44)
java.base/jdk.internal.reflect.NativeMethodAccessorImpl.invoke0(Native Method)
java.base/jdk.internal.reflect.NativeMethodAccessorImpl.invoke(NativeMethodAccessorImpl.java:64)
java.base/jdk.internal.reflect.DelegatingMethodAccessorImpl.invoke(DelegatingMethodAccessorImpl.java:43)
cucumber.runner.Runner.runPickle(Runner.java:80)
daviplata.nacional.iOS.runners.RunnerPersonalizado.run(RunnerPersonalizado.java:63)
org.eclipse.jdt.internal.junit4.runner.JUnit4TestReference.run(JUnit4TestReference.java:93)
org.eclipse.jdt.internal.junit.runner.TestExecution.run(TestExecution.java:40)
org.eclipse.jdt.internal.junit.runner.RemoteTestRunner.runTests(RemoteTestRunner.java:529)
org.eclipse.jdt.internal.junit.runner.RemoteTestRunner.runTests(RemoteTestRunner.java:756)
org.eclipse.jdt.internal.junit.runner.RemoteTestRunner.run(RemoteTestRunner.java:452)
org.eclipse.jdt.internal.junit.runner.RemoteTestRunner.main(RemoteTestRunner.java:210)
</system-err></testcase></testsuite>