<?xml version="1.0" encoding="UTF-8"?><testsuite errors="0" failures="1" name="Agrupacion de casos de ecard" skipped="0" tests="1" time="226.92" timestamp="2024-03-14 09:06:36"><testcase name="CP0841M_SYS_Validar proceso de creación de tarjeta virtual desde el Home del daviplata"><failure message="No se encontró mensaje de validación en creación de la tarjeta de crédito, debido a: Expected condition failed: waiting for visibility of element located by By.xpath: //XCUIElementTypeStaticText[@name='Su Tarjeta virtual DaviPlata se ha creado.'] (tried for 10 second(s) with 500 milliseconds interval)" type="java.lang.AssertionError">No se encontró mensaje de validación en creación de la tarjeta de crédito, debido a: Expected condition failed: waiting for visibility of element located by By.xpath: //XCUIElementTypeStaticText[@name='Su Tarjeta virtual DaviPlata se ha creado.'] (tried for 10 second(s) with 500 milliseconds interval)</failure><system-err>No se encontró mensaje de validación en creación de la tarjeta de crédito, debido a: Expected condition failed: waiting for visibility of element located by By.xpath: //XCUIElementTypeStaticText[@name='Su Tarjeta virtual DaviPlata se ha creado.'] (tried for 10 second(s) with 500 milliseconds interval)
daviplata.nacional.iOS.pageObjects.EcardPageObject.validoAparicionMensajeTarjetaCreada(EcardPageObject.java:212)
daviplata.nacional.iOS.pageObjects.EcardPageObject.validoAparicionMensajeTarjetaCreada(EcardPageObject.java:210)
daviplata.nacional.iOS.pageObjects.EcardPageObject.validoAparicionMensajeTarjetaCreada(EcardPageObject.java:210)
daviplata.nacional.iOS.steps.EcardSteps.validoCreacionSinRecarga(EcardSteps.java:109)
daviplata.nacional.iOS.definitions.EcardDefinitions.validoCreacionSinRecarga(EcardDefinitions.java:57)
cucumber.runner.Runner.runPickle(Runner.java:80)
daviplata.nacional.iOS.runners.RunnerPersonalizado.run(RunnerPersonalizado.java:63)
org.eclipse.jdt.internal.junit4.runner.JUnit4TestReference.run(JUnit4TestReference.java:93)
org.eclipse.jdt.internal.junit.runner.TestExecution.run(TestExecution.java:40)
org.eclipse.jdt.internal.junit.runner.RemoteTestRunner.runTests(RemoteTestRunner.java:529)
org.eclipse.jdt.internal.junit.runner.RemoteTestRunner.runTests(RemoteTestRunner.java:756)
org.eclipse.jdt.internal.junit.runner.RemoteTestRunner.run(RemoteTestRunner.java:452)
org.eclipse.jdt.internal.junit.runner.RemoteTestRunner.main(RemoteTestRunner.java:210)
</system-err></testcase></testsuite>