<?xml version="1.0" encoding="UTF-8"?><testsuite errors="0" failures="1" name="Set de pasar plata en linea" skipped="0" tests="1" time="238.61" timestamp="2024-03-18 03:51:11"><testcase name="CP03600M_SYS_Validar proceso por la opción a otro banco en línea a un daviplata"><failure message="No se encontró botón continuar debido a: Expected condition failed: waiting for presence of element located by: By.name: Continuar (tried for 10 second(s) with 500 milliseconds interval)" type="java.lang.AssertionError">No se encontró botón continuar debido a: Expected condition failed: waiting for presence of element located by: By.name: Continuar (tried for 10 second(s) with 500 milliseconds interval)</failure><system-err>No se encontró botón continuar debido a: Expected condition failed: waiting for presence of element located by: By.name: Continuar (tried for 10 second(s) with 500 milliseconds interval)
daviplata.nacional.iOS.pageObjects.PasarPlataPageObjects.clickBtnContinuarTransiYaPopup(PasarPlataPageObjects.java:750)
daviplata.nacional.iOS.pageObjects.PasarPlataPageObjects.clickBtnContinuarTransiYaPopup(PasarPlataPageObjects.java:748)
daviplata.nacional.iOS.pageObjects.PasarPlataPageObjects.clickBtnContinuarTransiYaPopup(PasarPlataPageObjects.java:748)
daviplata.nacional.iOS.pageObjects.PasarPlataPageObjects.clickBtnContinuarTransiYaPopup(PasarPlataPageObjects.java:748)
daviplata.nacional.iOS.pageObjects.PasarPlataPageObjects.clickBtnContinuarTransiYaPopup(PasarPlataPageObjects.java:748)
daviplata.nacional.iOS.steps.PasarPlataSteps.irATransfiYa(PasarPlataSteps.java:1277)
daviplata.nacional.iOS.definitions.PasarPlataDefinitions.irALaOpcionTransfiYA(PasarPlataDefinitions.java:449)
cucumber.runner.Runner.runPickle(Runner.java:80)
daviplata.nacional.iOS.runners.RunnerPersonalizado.run(RunnerPersonalizado.java:63)
org.eclipse.jdt.internal.junit4.runner.JUnit4TestReference.run(JUnit4TestReference.java:93)
org.eclipse.jdt.internal.junit.runner.TestExecution.run(TestExecution.java:40)
org.eclipse.jdt.internal.junit.runner.RemoteTestRunner.runTests(RemoteTestRunner.java:529)
org.eclipse.jdt.internal.junit.runner.RemoteTestRunner.runTests(RemoteTestRunner.java:756)
org.eclipse.jdt.internal.junit.runner.RemoteTestRunner.run(RemoteTestRunner.java:452)
org.eclipse.jdt.internal.junit.runner.RemoteTestRunner.main(RemoteTestRunner.java:210)
</system-err></testcase></testsuite>