<?xml version="1.0" encoding="UTF-8"?><testsuite errors="0" failures="1" name="Pruebas del modulo look and feel" skipped="0" tests="1" time="67.78" timestamp="2024-07-09 11:59:13"><testcase name="CP1281M_SYS_Creación de negocio desde zona privada cliente antiguo sin negocio."><failure message="No se encontró el elemento: //XCUIElementTypeButton[@name='Menu de conocimiento'] | (//XCUIElementTypeButton)[2], debido a: Expected condition failed: waiting for visibility of element located by By.xpath: //XCUIElementTypeButton[@name='Menu de conocimiento'] | (//XCUIElementTypeButton)[2] (tried for 5 second(s) with 500 milliseconds interval)&#10;Build info: version: '3.14.0', revision: 'aacccce0', time: '2018-08-02T20:19:58.91Z'&#10;System info: host: 'MacBook-Pro-de-MacBook.local', ip: 'fe80:0:0:0:df:c6bf:1709:799a%en0', os.name: 'Mac OS X', os.arch: 'x86_64', os.version: '10.16', java.version: '15.0.2'&#10;Driver info: io.appium.java_client.AppiumDriver&#10;Capabilities {autoAcceptAlerts: true, automationName: XCUITest, browserName: , bundleId: com.daviplatavalid.lab, databaseEnabled: false, deviceName: iPhone 13, javascriptEnabled: true, locationContextEnabled: false, networkConnectionEnabled: false, newCommandTimeout: 240, noReset: false, platform: MAC, platformName: MAC, platformVersion: 17.5, showXcodelog: true, skipUnlock: true, takesScreenshot: true, udid: 00008110-00116CC8148A201E, webStorageEnabled: false}&#10;Session ID: 3b22ec1a-dc3a-4776-b2bf-6f0819353083" type="java.lang.AssertionError">No se encontró el elemento: //XCUIElementTypeButton[@name='Menu de conocimiento'] | (//XCUIElementTypeButton)[2], debido a: Expected condition failed: waiting for visibility of element located by By.xpath: //XCUIElementTypeButton[@name='Menu de conocimiento'] | (//XCUIElementTypeButton)[2] (tried for 5 second(s) with 500 milliseconds interval)
Build info: version: '3.14.0', revision: 'aacccce0', time: '2018-08-02T20:19:58.91Z'
System info: host: 'MacBook-Pro-de-MacBook.local', ip: 'fe80:0:0:0:df:c6bf:1709:799a%en0', os.name: 'Mac OS X', os.arch: 'x86_64', os.version: '10.16', java.version: '15.0.2'
Driver info: io.appium.java_client.AppiumDriver
Capabilities {autoAcceptAlerts: true, automationName: XCUITest, browserName: , bundleId: com.daviplatavalid.lab, databaseEnabled: false, deviceName: iPhone 13, javascriptEnabled: true, locationContextEnabled: false, networkConnectionEnabled: false, newCommandTimeout: 240, noReset: false, platform: MAC, platformName: MAC, platformVersion: 17.5, showXcodelog: true, skipUnlock: true, takesScreenshot: true, udid: 00008110-00116CC8148A201E, webStorageEnabled: false}
Session ID: 3b22ec1a-dc3a-4776-b2bf-6f0819353083</failure><system-err>No se encontró el elemento: //XCUIElementTypeButton[@name='Menu de conocimiento'] | (//XCUIElementTypeButton)[2], debido a: Expected condition failed: waiting for visibility of element located by By.xpath: //XCUIElementTypeButton[@name='Menu de conocimiento'] | (//XCUIElementTypeButton)[2] (tried for 5 second(s) with 500 milliseconds interval)
Build info: version: '3.14.0', revision: 'aacccce0', time: '2018-08-02T20:19:58.91Z'
System info: host: 'MacBook-Pro-de-MacBook.local', ip: 'fe80:0:0:0:df:c6bf:1709:799a%en0', os.name: 'Mac OS X', os.arch: 'x86_64', os.version: '10.16', java.version: '15.0.2'
Driver info: io.appium.java_client.AppiumDriver
Capabilities {autoAcceptAlerts: true, automationName: XCUITest, browserName: , bundleId: com.daviplatavalid.lab, databaseEnabled: false, deviceName: iPhone 13, javascriptEnabled: true, locationContextEnabled: false, networkConnectionEnabled: false, newCommandTimeout: 240, noReset: false, platform: MAC, platformName: MAC, platformVersion: 17.5, showXcodelog: true, skipUnlock: true, takesScreenshot: true, udid: 00008110-00116CC8148A201E, webStorageEnabled: false}
Session ID: 3b22ec1a-dc3a-4776-b2bf-6f0819353083
daviplata.nacional.iOS.utilidades.UtilidadesTCS.esperarElementVisibility(UtilidadesTCS.java:405)
daviplata.nacional.iOS.utilidades.UtilidadesTCS.esperarElementVisibility(UtilidadesTCS.java:403)
daviplata.nacional.iOS.utilidades.UtilidadesTCS.esperarElementVisibility(UtilidadesTCS.java:403)
daviplata.nacional.iOS.utilidades.UtilidadesTCS.esperarElementVisibility(UtilidadesTCS.java:403)
daviplata.nacional.iOS.utilidades.UtilidadesTCS.esperarElementVisibility(UtilidadesTCS.java:403)
daviplata.nacional.iOS.steps.LoginSteps.verificarVersion(LoginSteps.java:975)
daviplata.nacional.iOS.steps.LoginSteps.ingresarAApp(LoginSteps.java:65)
daviplata.nacional.iOS.definitions.LoginDefinitions.ingresoUsuarioYContrasena(LoginDefinitions.java:40)
✽.ingreso usuario y contrasena "CC" "17130497" "2580"(src/test/resources/features/LookAndFeel.feature:6)
</system-err></testcase></testsuite>