<?xml version="1.0" encoding="UTF-8"?><testsuite errors="1" failures="0" name="Pruebas en la funcionalidad de perfil negocio de la app Daviplata." skipped="0" tests="1" time="442.26" timestamp="2024-03-21 08:06:33"><testcase name="CP02700M_SYS_Validar funcionalidad de pasar plata (a cuenta de ahorros), desde botón de home desde perfil negocio."><error message="A session is either terminated or not started&#10;Build info: version: '3.14.0', revision: 'aacccce0', time: '2018-08-02T20:19:58.91Z'&#10;System info: host: 'MacBook-Pro-de-User-3.local', ip: 'fe80:0:0:0:49:cda1:4b77:93b7%en0', os.name: 'Mac OS X', os.arch: 'aarch64', os.version: '13.1', java.version: '1.8.0_401'&#10;Driver info: io.appium.java_client.AppiumDriver&#10;Capabilities {autoAcceptAlerts: true, automationName: XCUITest, browserName: , bundleId: com.daviplatavalid.lab, databaseEnabled: false, deviceName: iPhone 14, javascriptEnabled: true, locationContextEnabled: false, networkConnectionEnabled: false, newCommandTimeout: 240, noReset: false, platform: MAC, platformName: MAC, platformVersion: 16.4, showXcodelog: true, skipUnlock: true, takesScreenshot: true, udid: 00008120-001A09993E60201E, webStorageEnabled: false}&#10;Session ID: defa871b-b8ae-4e5b-a1eb-996381bc9a9a&#10;Build info: version: '3.14.0', revision: 'aacccce0', time: '2018-08-02T20:19:58.91Z'&#10;System info: host: 'MacBook-Pro-de-User-3.local', ip: 'fe80:0:0:0:49:cda1:4b77:93b7%en0', os.name: 'Mac OS X', os.arch: 'aarch64', os.version: '13.1', java.version: '1.8.0_401'&#10;Driver info: driver.version: AppiumDriver" type="org.openqa.selenium.NoSuchSessionException">A session is either terminated or not started
Build info: version: '3.14.0', revision: 'aacccce0', time: '2018-08-02T20:19:58.91Z'
System info: host: 'MacBook-Pro-de-User-3.local', ip: 'fe80:0:0:0:49:cda1:4b77:93b7%en0', os.name: 'Mac OS X', os.arch: 'aarch64', os.version: '13.1', java.version: '1.8.0_401'
Driver info: io.appium.java_client.AppiumDriver
Capabilities {autoAcceptAlerts: true, automationName: XCUITest, browserName: , bundleId: com.daviplatavalid.lab, databaseEnabled: false, deviceName: iPhone 14, javascriptEnabled: true, locationContextEnabled: false, networkConnectionEnabled: false, newCommandTimeout: 240, noReset: false, platform: MAC, platformName: MAC, platformVersion: 16.4, showXcodelog: true, skipUnlock: true, takesScreenshot: true, udid: 00008120-001A09993E60201E, webStorageEnabled: false}
Session ID: defa871b-b8ae-4e5b-a1eb-996381bc9a9a
Build info: version: '3.14.0', revision: 'aacccce0', time: '2018-08-02T20:19:58.91Z'
System info: host: 'MacBook-Pro-de-User-3.local', ip: 'fe80:0:0:0:49:cda1:4b77:93b7%en0', os.name: 'Mac OS X', os.arch: 'aarch64', os.version: '13.1', java.version: '1.8.0_401'
Driver info: driver.version: AppiumDriver</error><system-err>A session is either terminated or not started
Build info: version: '3.14.0', revision: 'aacccce0', time: '2018-08-02T20:19:58.91Z'
System info: host: 'MacBook-Pro-de-User-3.local', ip: 'fe80:0:0:0:49:cda1:4b77:93b7%en0', os.name: 'Mac OS X', os.arch: 'aarch64', os.version: '13.1', java.version: '1.8.0_401'
Driver info: io.appium.java_client.AppiumDriver
Capabilities {autoAcceptAlerts: true, automationName: XCUITest, browserName: , bundleId: com.daviplatavalid.lab, databaseEnabled: false, deviceName: iPhone 14, javascriptEnabled: true, locationContextEnabled: false, networkConnectionEnabled: false, newCommandTimeout: 240, noReset: false, platform: MAC, platformName: MAC, platformVersion: 16.4, showXcodelog: true, skipUnlock: true, takesScreenshot: true, udid: 00008120-001A09993E60201E, webStorageEnabled: false}
Session ID: defa871b-b8ae-4e5b-a1eb-996381bc9a9a
Build info: version: '3.14.0', revision: 'aacccce0', time: '2018-08-02T20:19:58.91Z'
System info: host: 'MacBook-Pro-de-User-3.local', ip: 'fe80:0:0:0:49:cda1:4b77:93b7%en0', os.name: 'Mac OS X', os.arch: 'aarch64', os.version: '13.1', java.version: '1.8.0_401'
Driver info: driver.version: AppiumDriver
io.appium.java_client.remote.AppiumCommandExecutor.execute(AppiumCommandExecutor.java:231)
io.appium.java_client.DefaultGenericMobileDriver.execute(DefaultGenericMobileDriver.java:46)
io.appium.java_client.AppiumDriver.execute(AppiumDriver.java:1)
io.appium.java_client.InteractsWithApps.closeApp(InteractsWithApps.java:139)
daviplata.nacional.iOS.definitions.Hooks.FinalizarTests(Hooks.java:92)
cucumber.runner.UnskipableStep.executeStep(UnskipableStep.java:22)
cucumber.runner.Runner.runPickle(Runner.java:80)
daviplata.nacional.iOS.runners.RunnerPersonalizado.run(RunnerPersonalizado.java:63)
org.eclipse.jdt.internal.junit4.runner.JUnit4TestReference.run(JUnit4TestReference.java:93)
org.eclipse.jdt.internal.junit.runner.TestExecution.run(TestExecution.java:40)
org.eclipse.jdt.internal.junit.runner.RemoteTestRunner.runTests(RemoteTestRunner.java:529)
org.eclipse.jdt.internal.junit.runner.RemoteTestRunner.runTests(RemoteTestRunner.java:756)
org.eclipse.jdt.internal.junit.runner.RemoteTestRunner.run(RemoteTestRunner.java:452)
org.eclipse.jdt.internal.junit.runner.RemoteTestRunner.main(RemoteTestRunner.java:210)
</system-err></testcase></testsuite>